{"/mnt/c/Users/Vzotov/Documents/JS Projects/frontend-project-lvl2/src/index.js": {"path":"/mnt/c/Users/Vzotov/Documents/JS Projects/frontend-project-lvl2/src/index.js","all":false,"statementMap":{"0":{"start":{"line":1,"column":0},"end":{"line":1,"column":23}},"1":{"start":{"line":2,"column":0},"end":{"line":2,"column":34}},"2":{"start":{"line":3,"column":0},"end":{"line":3,"column":43}},"3":{"start":{"line":4,"column":0},"end":{"line":4,"column":0}},"4":{"start":{"line":5,"column":0},"end":{"line":5,"column":36}},"5":{"start":{"line":6,"column":0},"end":{"line":6,"column":49}},"6":{"start":{"line":7,"column":0},"end":{"line":7,"column":36}},"7":{"start":{"line":8,"column":0},"end":{"line":8,"column":34}},"8":{"start":{"line":9,"column":0},"end":{"line":9,"column":53}},"9":{"start":{"line":10,"column":0},"end":{"line":10,"column":36}},"10":{"start":{"line":11,"column":0},"end":{"line":11,"column":46}},"11":{"start":{"line":12,"column":0},"end":{"line":12,"column":5}},"12":{"start":{"line":13,"column":0},"end":{"line":13,"column":53}},"13":{"start":{"line":14,"column":0},"end":{"line":14,"column":36}},"14":{"start":{"line":15,"column":0},"end":{"line":15,"column":49}},"15":{"start":{"line":16,"column":0},"end":{"line":16,"column":5}},"16":{"start":{"line":17,"column":0},"end":{"line":17,"column":73}},"17":{"start":{"line":18,"column":0},"end":{"line":18,"column":75}},"18":{"start":{"line":19,"column":0},"end":{"line":19,"column":5}},"19":{"start":{"line":20,"column":0},"end":{"line":20,"column":42}},"20":{"start":{"line":21,"column":0},"end":{"line":21,"column":47}},"21":{"start":{"line":22,"column":0},"end":{"line":22,"column":5}},"22":{"start":{"line":23,"column":0},"end":{"line":23,"column":66}},"23":{"start":{"line":24,"column":0},"end":{"line":24,"column":5}},"24":{"start":{"line":25,"column":0},"end":{"line":25,"column":2}},"25":{"start":{"line":26,"column":0},"end":{"line":26,"column":0}},"26":{"start":{"line":27,"column":0},"end":{"line":27,"column":67}},"27":{"start":{"line":28,"column":0},"end":{"line":28,"column":34}},"28":{"start":{"line":29,"column":0},"end":{"line":29,"column":34}},"29":{"start":{"line":30,"column":0},"end":{"line":30,"column":40}},"30":{"start":{"line":31,"column":0},"end":{"line":31,"column":34}},"31":{"start":{"line":32,"column":0},"end":{"line":32,"column":2}},"32":{"start":{"line":33,"column":0},"end":{"line":33,"column":23}}},"s":{"0":1,"1":1,"2":11,"3":11,"4":11,"5":11,"6":42,"7":42,"8":42,"9":42,"10":29,"11":29,"12":42,"13":42,"14":42,"15":8,"16":8,"17":42,"18":6,"19":42,"20":1,"21":1,"22":1,"23":3,"24":3,"25":3,"26":3,"27":3,"28":1,"29":1,"30":1,"31":1,"32":1},"branchMap":{"0":{"type":"branch","line":1,"loc":{"start":{"line":1,"column":0},"end":{"line":30,"column":21}},"locations":[{"start":{"line":1,"column":0},"end":{"line":30,"column":21}}]},"1":{"type":"branch","line":2,"loc":{"start":{"line":2,"column":17},"end":{"line":21,"column":46}},"locations":[{"start":{"line":2,"column":17},"end":{"line":21,"column":46}}]},"2":{"type":"branch","line":6,"loc":{"start":{"line":6,"column":29},"end":{"line":21,"column":42}},"locations":[{"start":{"line":6,"column":29},"end":{"line":21,"column":42}}]},"3":{"type":"branch","line":9,"loc":{"start":{"line":9,"column":7},"end":{"line":10,"column":7}},"locations":[{"start":{"line":9,"column":7},"end":{"line":10,"column":7}}]},"4":{"type":"branch","line":10,"loc":{"start":{"line":10,"column":7},"end":{"line":13,"column":7}},"locations":[{"start":{"line":10,"column":7},"end":{"line":13,"column":7}}]},"5":{"type":"branch","line":13,"loc":{"start":{"line":13,"column":7},"end":{"line":14,"column":10}},"locations":[{"start":{"line":13,"column":7},"end":{"line":14,"column":10}}]},"6":{"type":"branch","line":14,"loc":{"start":{"line":14,"column":10},"end":{"line":15,"column":12}},"locations":[{"start":{"line":14,"column":10},"end":{"line":15,"column":12}}]},"7":{"type":"branch","line":15,"loc":{"start":{"line":15,"column":12},"end":{"line":15,"column":44}},"locations":[{"start":{"line":15,"column":12},"end":{"line":15,"column":44}}]},"8":{"type":"branch","line":15,"loc":{"start":{"line":15,"column":46},"end":{"line":17,"column":73}},"locations":[{"start":{"line":15,"column":46},"end":{"line":17,"column":73}}]},"9":{"type":"branch","line":18,"loc":{"start":{"line":18,"column":-1},"end":{"line":18,"column":41}},"locations":[{"start":{"line":18,"column":-1},"end":{"line":18,"column":41}}]},"10":{"type":"branch","line":18,"loc":{"start":{"line":18,"column":41},"end":{"line":20,"column":14}},"locations":[{"start":{"line":18,"column":41},"end":{"line":20,"column":14}}]},"11":{"type":"branch","line":20,"loc":{"start":{"line":20,"column":14},"end":{"line":21,"column":41}},"locations":[{"start":{"line":20,"column":14},"end":{"line":21,"column":41}}]},"12":{"type":"branch","line":23,"loc":{"start":{"line":23,"column":11},"end":{"line":29,"column":30}},"locations":[{"start":{"line":23,"column":11},"end":{"line":29,"column":30}}]}},"b":{"0":[1],"1":[11],"2":[42],"3":[13],"4":[29],"5":[7],"6":[22],"7":[10],"8":[8],"9":[14],"10":[6],"11":[8],"12":[3]},"fnMap":{"0":{"name":"createTree","decl":{"start":{"line":2,"column":17},"end":{"line":21,"column":46}},"loc":{"start":{"line":2,"column":17},"end":{"line":21,"column":46}},"line":2},"1":{"name":"genDiff","decl":{"start":{"line":23,"column":11},"end":{"line":29,"column":30}},"loc":{"start":{"line":23,"column":11},"end":{"line":29,"column":30}},"line":23}},"f":{"0":11,"1":3}}
,"/mnt/c/Users/Vzotov/Documents/JS Projects/frontend-project-lvl2/src/parsers.js": {"path":"/mnt/c/Users/Vzotov/Documents/JS Projects/frontend-project-lvl2/src/parsers.js","all":false,"statementMap":{"0":{"start":{"line":1,"column":0},"end":{"line":1,"column":20}},"1":{"start":{"line":2,"column":0},"end":{"line":2,"column":24}},"2":{"start":{"line":3,"column":0},"end":{"line":3,"column":27}},"3":{"start":{"line":4,"column":0},"end":{"line":4,"column":0}},"4":{"start":{"line":5,"column":0},"end":{"line":5,"column":26}},"5":{"start":{"line":6,"column":0},"end":{"line":6,"column":64}},"6":{"start":{"line":7,"column":0},"end":{"line":7,"column":39}},"7":{"start":{"line":8,"column":0},"end":{"line":8,"column":32}},"8":{"start":{"line":9,"column":0},"end":{"line":9,"column":3}},"9":{"start":{"line":10,"column":0},"end":{"line":10,"column":29}},"10":{"start":{"line":11,"column":0},"end":{"line":11,"column":2}}},"s":{"0":1,"1":6,"2":6,"3":6,"4":6,"5":6,"6":1,"7":1,"8":1,"9":1,"10":1},"branchMap":{"0":{"type":"branch","line":1,"loc":{"start":{"line":1,"column":0},"end":{"line":7,"column":28}},"locations":[{"start":{"line":1,"column":0},"end":{"line":7,"column":28}}]},"1":{"type":"branch","line":1,"loc":{"start":{"line":1,"column":8},"end":{"line":7,"column":26}},"locations":[{"start":{"line":1,"column":8},"end":{"line":7,"column":26}}]},"2":{"type":"branch","line":6,"loc":{"start":{"line":6,"column":21},"end":{"line":6,"column":59}},"locations":[{"start":{"line":6,"column":21},"end":{"line":6,"column":59}}]},"3":{"type":"branch","line":6,"loc":{"start":{"line":6,"column":59},"end":{"line":7,"column":25}},"locations":[{"start":{"line":6,"column":59},"end":{"line":7,"column":25}}]}},"b":{"0":[1],"1":[6],"2":[4],"3":[2]},"fnMap":{"0":{"name":"default","decl":{"start":{"line":1,"column":8},"end":{"line":7,"column":26}},"loc":{"start":{"line":1,"column":8},"end":{"line":7,"column":26}},"line":1}},"f":{"0":6}}
,"/mnt/c/Users/Vzotov/Documents/JS Projects/frontend-project-lvl2/src/formatters/index.js": {"path":"/mnt/c/Users/Vzotov/Documents/JS Projects/frontend-project-lvl2/src/formatters/index.js","all":false,"statementMap":{"0":{"start":{"line":1,"column":0},"end":{"line":1,"column":35}},"1":{"start":{"line":2,"column":0},"end":{"line":2,"column":31}},"2":{"start":{"line":3,"column":0},"end":{"line":3,"column":0}},"3":{"start":{"line":4,"column":0},"end":{"line":4,"column":37}},"4":{"start":{"line":5,"column":0},"end":{"line":5,"column":29}},"5":{"start":{"line":6,"column":0},"end":{"line":6,"column":28}},"6":{"start":{"line":7,"column":0},"end":{"line":7,"column":3}},"7":{"start":{"line":8,"column":0},"end":{"line":8,"column":27}},"8":{"start":{"line":9,"column":0},"end":{"line":9,"column":26}},"9":{"start":{"line":10,"column":0},"end":{"line":10,"column":3}},"10":{"start":{"line":11,"column":0},"end":{"line":11,"column":57}},"11":{"start":{"line":12,"column":0},"end":{"line":12,"column":2}}},"s":{"0":1,"1":3,"2":2,"3":3,"4":1,"5":3,"6":0,"7":0,"8":1,"9":1,"10":1,"11":1},"branchMap":{"0":{"type":"branch","line":1,"loc":{"start":{"line":1,"column":0},"end":{"line":9,"column":10}},"locations":[{"start":{"line":1,"column":0},"end":{"line":9,"column":10}}]},"1":{"type":"branch","line":1,"loc":{"start":{"line":1,"column":2},"end":{"line":9,"column":8}},"locations":[{"start":{"line":1,"column":2},"end":{"line":9,"column":8}}]},"2":{"type":"branch","line":2,"loc":{"start":{"line":2,"column":17},"end":{"line":4,"column":18}},"locations":[{"start":{"line":2,"column":17},"end":{"line":4,"column":18}}]},"3":{"type":"branch","line":4,"loc":{"start":{"line":4,"column":18},"end":{"line":6,"column":9}},"locations":[{"start":{"line":4,"column":18},"end":{"line":6,"column":9}}]},"4":{"type":"branch","line":6,"loc":{"start":{"line":6,"column":9},"end":{"line":9,"column":7}},"locations":[{"start":{"line":6,"column":9},"end":{"line":9,"column":7}}]}},"b":{"0":[1],"1":[3],"2":[2],"3":[1],"4":[0]},"fnMap":{"0":{"name":"default","decl":{"start":{"line":1,"column":2},"end":{"line":9,"column":8}},"loc":{"start":{"line":1,"column":2},"end":{"line":9,"column":8}},"line":1}},"f":{"0":3}}
,"/mnt/c/Users/Vzotov/Documents/JS Projects/frontend-project-lvl2/src/formatters/plain.js": {"path":"/mnt/c/Users/Vzotov/Documents/JS Projects/frontend-project-lvl2/src/formatters/plain.js","all":false,"statementMap":{"0":{"start":{"line":1,"column":0},"end":{"line":1,"column":25}},"1":{"start":{"line":2,"column":0},"end":{"line":2,"column":37}},"2":{"start":{"line":3,"column":0},"end":{"line":3,"column":41}},"3":{"start":{"line":4,"column":0},"end":{"line":4,"column":20}},"4":{"start":{"line":5,"column":0},"end":{"line":5,"column":73}},"5":{"start":{"line":6,"column":0},"end":{"line":6,"column":33}},"6":{"start":{"line":7,"column":0},"end":{"line":7,"column":25}},"7":{"start":{"line":8,"column":0},"end":{"line":8,"column":54}},"8":{"start":{"line":9,"column":0},"end":{"line":9,"column":37}},"9":{"start":{"line":10,"column":0},"end":{"line":10,"column":45}},"10":{"start":{"line":11,"column":0},"end":{"line":11,"column":30}},"11":{"start":{"line":12,"column":0},"end":{"line":12,"column":34}},"12":{"start":{"line":13,"column":0},"end":{"line":13,"column":24}},"13":{"start":{"line":14,"column":0},"end":{"line":14,"column":9}},"14":{"start":{"line":15,"column":0},"end":{"line":15,"column":22}},"15":{"start":{"line":16,"column":0},"end":{"line":16,"column":8}},"16":{"start":{"line":17,"column":0},"end":{"line":17,"column":48}},"17":{"start":{"line":18,"column":0},"end":{"line":18,"column":30}},"18":{"start":{"line":19,"column":0},"end":{"line":19,"column":87}},"19":{"start":{"line":20,"column":0},"end":{"line":20,"column":7}},"20":{"start":{"line":21,"column":0},"end":{"line":21,"column":33}},"21":{"start":{"line":22,"column":0},"end":{"line":22,"column":52}},"22":{"start":{"line":23,"column":0},"end":{"line":23,"column":7}},"23":{"start":{"line":24,"column":0},"end":{"line":24,"column":34}},"24":{"start":{"line":25,"column":0},"end":{"line":25,"column":113}},"25":{"start":{"line":26,"column":0},"end":{"line":26,"column":7}},"26":{"start":{"line":27,"column":0},"end":{"line":27,"column":57}},"27":{"start":{"line":28,"column":0},"end":{"line":28,"column":7}},"28":{"start":{"line":29,"column":0},"end":{"line":29,"column":39}},"29":{"start":{"line":30,"column":0},"end":{"line":30,"column":2}},"30":{"start":{"line":31,"column":0},"end":{"line":31,"column":0}},"31":{"start":{"line":32,"column":0},"end":{"line":32,"column":21}}},"s":{"0":5,"1":5,"2":15,"3":15,"4":15,"5":13,"6":3,"7":13,"8":7,"9":10,"10":13,"11":15,"12":15,"13":15,"14":15,"15":15,"16":5,"17":5,"18":15,"19":2,"20":15,"21":15,"22":4,"23":4,"24":1,"25":1,"26":1,"27":1,"28":1,"29":1,"30":1,"31":1},"branchMap":{"0":{"type":"branch","line":1,"loc":{"start":{"line":1,"column":0},"end":{"line":27,"column":50}},"locations":[{"start":{"line":1,"column":0},"end":{"line":27,"column":50}}]},"1":{"type":"branch","line":1,"loc":{"start":{"line":1,"column":0},"end":{"line":27,"column":25}},"locations":[{"start":{"line":1,"column":0},"end":{"line":27,"column":25}}]},"2":{"type":"branch","line":1,"loc":{"start":{"line":1,"column":0},"end":{"line":25,"column":104}},"locations":[{"start":{"line":1,"column":0},"end":{"line":25,"column":104}}]},"3":{"type":"branch","line":1,"loc":{"start":{"line":1,"column":0},"end":{"line":1,"column":22}},"locations":[{"start":{"line":1,"column":0},"end":{"line":1,"column":22}}]},"4":{"type":"branch","line":2,"loc":{"start":{"line":2,"column":7},"end":{"line":25,"column":103}},"locations":[{"start":{"line":2,"column":7},"end":{"line":25,"column":103}}]},"5":{"type":"branch","line":3,"loc":{"start":{"line":3,"column":11},"end":{"line":3,"column":39}},"locations":[{"start":{"line":3,"column":11},"end":{"line":3,"column":39}}]},"6":{"type":"branch","line":3,"loc":{"start":{"line":3,"column":40},"end":{"line":4,"column":11}},"locations":[{"start":{"line":3,"column":40},"end":{"line":4,"column":11}}]},"7":{"type":"branch","line":13,"loc":{"start":{"line":13,"column":17},"end":{"line":14,"column":8}},"locations":[{"start":{"line":13,"column":17},"end":{"line":14,"column":8}}]},"8":{"type":"branch","line":16,"loc":{"start":{"line":16,"column":5},"end":{"line":19,"column":13}},"locations":[{"start":{"line":16,"column":5},"end":{"line":19,"column":13}}]},"9":{"type":"branch","line":19,"loc":{"start":{"line":19,"column":13},"end":{"line":19,"column":46}},"locations":[{"start":{"line":19,"column":13},"end":{"line":19,"column":46}}]},"10":{"type":"branch","line":19,"loc":{"start":{"line":19,"column":46},"end":{"line":21,"column":12}},"locations":[{"start":{"line":19,"column":46},"end":{"line":21,"column":12}}]},"11":{"type":"branch","line":21,"loc":{"start":{"line":21,"column":12},"end":{"line":22,"column":12}},"locations":[{"start":{"line":21,"column":12},"end":{"line":22,"column":12}}]},"12":{"type":"branch","line":22,"loc":{"start":{"line":22,"column":12},"end":{"line":25,"column":102}},"locations":[{"start":{"line":22,"column":12},"end":{"line":25,"column":102}}]},"13":{"type":"branch","line":5,"loc":{"start":{"line":5,"column":15},"end":{"line":12,"column":18}},"locations":[{"start":{"line":5,"column":15},"end":{"line":12,"column":18}}]},"14":{"type":"branch","line":6,"loc":{"start":{"line":6,"column":14},"end":{"line":6,"column":29}},"locations":[{"start":{"line":6,"column":14},"end":{"line":6,"column":29}}]},"15":{"type":"branch","line":6,"loc":{"start":{"line":6,"column":31},"end":{"line":8,"column":20}},"locations":[{"start":{"line":6,"column":31},"end":{"line":8,"column":20}}]},"16":{"type":"branch","line":8,"loc":{"start":{"line":8,"column":20},"end":{"line":11,"column":18}},"locations":[{"start":{"line":8,"column":20},"end":{"line":11,"column":18}}]},"17":{"type":"branch","line":9,"loc":{"start":{"line":9,"column":0},"end":{"line":10,"column":4}},"locations":[{"start":{"line":9,"column":0},"end":{"line":10,"column":4}}]},"18":{"type":"branch","line":10,"loc":{"start":{"line":10,"column":4},"end":{"line":11,"column":18}},"locations":[{"start":{"line":10,"column":4},"end":{"line":11,"column":18}}]},"19":{"type":"branch","line":10,"loc":{"start":{"line":10,"column":28},"end":{"line":11,"column":18}},"locations":[{"start":{"line":10,"column":28},"end":{"line":11,"column":18}}]}},"b":{"0":[1],"1":[1],"2":[5],"3":[18],"4":[15],"5":[11],"6":[4],"7":[0],"8":[5],"9":[10],"10":[2],"11":[8],"12":[4],"13":[13],"14":[4],"15":[3],"16":[10],"17":[7],"18":[3],"19":[1]},"fnMap":{"0":{"name":"plain","decl":{"start":{"line":1,"column":0},"end":{"line":27,"column":25}},"loc":{"start":{"line":1,"column":0},"end":{"line":27,"column":25}},"line":1},"1":{"name":"iter","decl":{"start":{"line":1,"column":0},"end":{"line":25,"column":104}},"loc":{"start":{"line":1,"column":0},"end":{"line":25,"column":104}},"line":1},"2":{"name":"isObject","decl":{"start":{"line":5,"column":15},"end":{"line":12,"column":18}},"loc":{"start":{"line":5,"column":15},"end":{"line":12,"column":18}},"line":5}},"f":{"0":1,"1":5,"2":13}}
,"/mnt/c/Users/Vzotov/Documents/JS Projects/frontend-project-lvl2/src/formatters/stringify.js": {"path":"/mnt/c/Users/Vzotov/Documents/JS Projects/frontend-project-lvl2/src/formatters/stringify.js","all":false,"statementMap":{"0":{"start":{"line":1,"column":0},"end":{"line":1,"column":79}},"1":{"start":{"line":2,"column":0},"end":{"line":2,"column":0}},"2":{"start":{"line":3,"column":0},"end":{"line":3,"column":44}},"3":{"start":{"line":4,"column":0},"end":{"line":4,"column":36}},"4":{"start":{"line":5,"column":0},"end":{"line":5,"column":38}},"5":{"start":{"line":6,"column":0},"end":{"line":6,"column":26}},"6":{"start":{"line":7,"column":0},"end":{"line":7,"column":5}},"7":{"start":{"line":8,"column":0},"end":{"line":8,"column":42}},"8":{"start":{"line":9,"column":0},"end":{"line":9,"column":24}},"9":{"start":{"line":10,"column":0},"end":{"line":10,"column":23}},"10":{"start":{"line":11,"column":0},"end":{"line":11,"column":93}},"11":{"start":{"line":12,"column":0},"end":{"line":12,"column":12}},"12":{"start":{"line":13,"column":0},"end":{"line":13,"column":10}},"13":{"start":{"line":14,"column":0},"end":{"line":14,"column":15}},"14":{"start":{"line":15,"column":0},"end":{"line":15,"column":33}},"15":{"start":{"line":16,"column":0},"end":{"line":16,"column":17}},"16":{"start":{"line":17,"column":0},"end":{"line":17,"column":4}},"17":{"start":{"line":18,"column":0},"end":{"line":18,"column":0}},"18":{"start":{"line":19,"column":0},"end":{"line":19,"column":38}},"19":{"start":{"line":20,"column":0},"end":{"line":20,"column":2}}},"s":{"0":1,"1":33,"2":33,"3":33,"4":33,"5":7,"6":7,"7":7,"8":9,"9":9,"10":7,"11":7,"12":24,"13":24,"14":1,"15":1,"16":1,"17":1,"18":1,"19":1},"branchMap":{"0":{"type":"branch","line":1,"loc":{"start":{"line":1,"column":0},"end":{"line":15,"column":18}},"locations":[{"start":{"line":1,"column":0},"end":{"line":15,"column":18}}]},"1":{"type":"branch","line":1,"loc":{"start":{"line":1,"column":14},"end":{"line":15,"column":16}},"locations":[{"start":{"line":1,"column":14},"end":{"line":15,"column":16}}]},"2":{"type":"branch","line":1,"loc":{"start":{"line":1,"column":59},"end":{"line":13,"column":0}},"locations":[{"start":{"line":1,"column":59},"end":{"line":13,"column":0}}]},"3":{"type":"branch","line":3,"loc":{"start":{"line":3,"column":37},"end":{"line":4,"column":26}},"locations":[{"start":{"line":3,"column":37},"end":{"line":4,"column":26}}]},"4":{"type":"branch","line":4,"loc":{"start":{"line":4,"column":26},"end":{"line":5,"column":16}},"locations":[{"start":{"line":4,"column":26},"end":{"line":5,"column":16}}]},"5":{"type":"branch","line":5,"loc":{"start":{"line":5,"column":16},"end":{"line":5,"column":32}},"locations":[{"start":{"line":5,"column":16},"end":{"line":5,"column":32}}]},"6":{"type":"branch","line":5,"loc":{"start":{"line":5,"column":32},"end":{"line":12,"column":12}},"locations":[{"start":{"line":5,"column":32},"end":{"line":12,"column":12}}]},"7":{"type":"branch","line":8,"loc":{"start":{"line":8,"column":21},"end":{"line":11,"column":9}},"locations":[{"start":{"line":8,"column":21},"end":{"line":11,"column":9}}]}},"b":{"0":[1],"1":[24],"2":[33],"3":[25],"4":[8],"5":[1],"6":[7],"7":[9]},"fnMap":{"0":{"name":"default","decl":{"start":{"line":1,"column":14},"end":{"line":15,"column":16}},"loc":{"start":{"line":1,"column":14},"end":{"line":15,"column":16}},"line":1},"1":{"name":"iter","decl":{"start":{"line":1,"column":59},"end":{"line":13,"column":0}},"loc":{"start":{"line":1,"column":59},"end":{"line":13,"column":0}},"line":1}},"f":{"0":24,"1":33}}
,"/mnt/c/Users/Vzotov/Documents/JS Projects/frontend-project-lvl2/src/formatters/stylish.js": {"path":"/mnt/c/Users/Vzotov/Documents/JS Projects/frontend-project-lvl2/src/formatters/stylish.js","all":false,"statementMap":{"0":{"start":{"line":1,"column":0},"end":{"line":1,"column":58}},"1":{"start":{"line":2,"column":0},"end":{"line":2,"column":0}},"2":{"start":{"line":3,"column":0},"end":{"line":3,"column":27}},"3":{"start":{"line":4,"column":0},"end":{"line":4,"column":52}},"4":{"start":{"line":5,"column":0},"end":{"line":5,"column":28}},"5":{"start":{"line":6,"column":0},"end":{"line":6,"column":95}},"6":{"start":{"line":7,"column":0},"end":{"line":7,"column":5}},"7":{"start":{"line":8,"column":0},"end":{"line":8,"column":31}},"8":{"start":{"line":9,"column":0},"end":{"line":9,"column":95}},"9":{"start":{"line":10,"column":0},"end":{"line":10,"column":5}},"10":{"start":{"line":11,"column":0},"end":{"line":11,"column":29}},"11":{"start":{"line":12,"column":0},"end":{"line":12,"column":95}},"12":{"start":{"line":13,"column":0},"end":{"line":13,"column":5}},"13":{"start":{"line":14,"column":0},"end":{"line":14,"column":32}},"14":{"start":{"line":15,"column":0},"end":{"line":15,"column":176}},"15":{"start":{"line":16,"column":0},"end":{"line":16,"column":5}},"16":{"start":{"line":17,"column":0},"end":{"line":17,"column":122}},"17":{"start":{"line":18,"column":0},"end":{"line":18,"column":5}},"18":{"start":{"line":19,"column":0},"end":{"line":19,"column":41}},"19":{"start":{"line":20,"column":0},"end":{"line":20,"column":2}},"20":{"start":{"line":21,"column":0},"end":{"line":21,"column":0}},"21":{"start":{"line":22,"column":0},"end":{"line":22,"column":23}}},"s":{"0":2,"1":24,"2":24,"3":8,"4":8,"5":24,"6":5,"7":5,"8":24,"9":3,"10":3,"11":24,"12":4,"13":4,"14":4,"15":4,"16":1,"17":1,"18":1,"19":1,"20":1,"21":1},"branchMap":{"0":{"type":"branch","line":1,"loc":{"start":{"line":1,"column":0},"end":{"line":17,"column":117}},"locations":[{"start":{"line":1,"column":0},"end":{"line":17,"column":117}}]},"1":{"type":"branch","line":1,"loc":{"start":{"line":1,"column":0},"end":{"line":17,"column":90}},"locations":[{"start":{"line":1,"column":0},"end":{"line":17,"column":90}}]},"2":{"type":"branch","line":1,"loc":{"start":{"line":1,"column":21},"end":{"line":17,"column":45}},"locations":[{"start":{"line":1,"column":21},"end":{"line":17,"column":45}}]},"3":{"type":"branch","line":1,"loc":{"start":{"line":1,"column":47},"end":{"line":17,"column":44}},"locations":[{"start":{"line":1,"column":47},"end":{"line":17,"column":44}}]},"4":{"type":"branch","line":3,"loc":{"start":{"line":3,"column":26},"end":{"line":6,"column":19}},"locations":[{"start":{"line":3,"column":26},"end":{"line":6,"column":19}}]},"5":{"type":"branch","line":6,"loc":{"start":{"line":6,"column":19},"end":{"line":6,"column":50}},"locations":[{"start":{"line":6,"column":19},"end":{"line":6,"column":50}}]},"6":{"type":"branch","line":6,"loc":{"start":{"line":6,"column":50},"end":{"line":9,"column":19}},"locations":[{"start":{"line":6,"column":50},"end":{"line":9,"column":19}}]},"7":{"type":"branch","line":9,"loc":{"start":{"line":9,"column":19},"end":{"line":9,"column":48}},"locations":[{"start":{"line":9,"column":19},"end":{"line":9,"column":48}}]},"8":{"type":"branch","line":9,"loc":{"start":{"line":9,"column":48},"end":{"line":12,"column":19}},"locations":[{"start":{"line":9,"column":48},"end":{"line":12,"column":19}}]},"9":{"type":"branch","line":12,"loc":{"start":{"line":12,"column":19},"end":{"line":12,"column":51}},"locations":[{"start":{"line":12,"column":19},"end":{"line":12,"column":51}}]},"10":{"type":"branch","line":12,"loc":{"start":{"line":12,"column":51},"end":{"line":17,"column":43}},"locations":[{"start":{"line":12,"column":51},"end":{"line":17,"column":43}}]}},"b":{"0":[1],"1":[2],"2":[6],"3":[24],"4":[8],"5":[16],"6":[5],"7":[11],"8":[3],"9":[8],"10":[4]},"fnMap":{"0":{"name":"stylish","decl":{"start":{"line":1,"column":0},"end":{"line":17,"column":90}},"loc":{"start":{"line":1,"column":0},"end":{"line":17,"column":90}},"line":1},"1":{"name":"iter","decl":{"start":{"line":1,"column":21},"end":{"line":17,"column":45}},"loc":{"start":{"line":1,"column":21},"end":{"line":17,"column":45}},"line":1}},"f":{"0":2,"1":6}}
}
