TN:
SF:src/index.js
FN:2,createTree
FN:23,genDiff
FNF:2
FNH:2
FNDA:6,createTree
FNDA:2,genDiff
DA:1,1
DA:2,1
DA:3,6
DA:4,6
DA:5,6
DA:6,6
DA:7,24
DA:8,24
DA:9,24
DA:10,24
DA:11,16
DA:12,16
DA:13,24
DA:14,24
DA:15,24
DA:16,4
DA:17,4
DA:18,24
DA:19,3
DA:20,24
DA:21,1
DA:22,1
DA:23,1
DA:24,2
DA:25,2
DA:26,2
DA:27,2
DA:28,2
DA:29,1
DA:30,1
DA:31,1
DA:32,1
DA:33,1
LF:33
LH:33
BRDA:1,0,0,1
BRDA:2,1,0,6
BRDA:6,2,0,24
BRDA:9,3,0,8
BRDA:10,4,0,16
BRDA:13,5,0,5
BRDA:14,6,0,11
BRDA:15,7,0,5
BRDA:15,8,0,4
BRDA:18,9,0,7
BRDA:18,10,0,3
BRDA:20,11,0,4
BRDA:23,12,0,2
BRF:13
BRH:13
end_of_record
TN:
SF:src/parsers.js
FN:1,default
FNF:1
FNH:1
FNDA:4,default
DA:1,1
DA:2,4
DA:3,4
DA:4,4
DA:5,4
DA:6,4
DA:7,1
DA:8,1
DA:9,1
DA:10,1
DA:11,1
LF:11
LH:11
BRDA:1,0,0,1
BRDA:1,1,0,4
BRDA:6,2,0,2
BRF:3
BRH:3
end_of_record
TN:
SF:src/format/index.js
FN:1,default
FNF:1
FNH:1
FNDA:2,default
DA:1,2
DA:2,2
DA:3,2
DA:4,0
DA:5,1
DA:6,1
DA:7,1
DA:8,1
LF:8
LH:7
BRDA:1,0,0,1
BRDA:1,1,0,2
BRDA:3,2,0,0
BRF:3
BRH:2
end_of_record
TN:
SF:src/format/stylish.js
FN:1,stringify
FN:1,iter
FN:16,formatter
FN:19,iter
FNF:4
FNH:4
FNDA:24,stringify
FNDA:33,iter
FNDA:2,formatter
FNDA:6,iter
DA:1,1
DA:2,33
DA:3,33
DA:4,33
DA:5,33
DA:6,7
DA:7,7
DA:8,7
DA:9,9
DA:10,9
DA:11,7
DA:12,7
DA:13,24
DA:14,24
DA:15,1
DA:16,1
DA:17,2
DA:18,2
DA:19,2
DA:20,24
DA:21,24
DA:22,24
DA:23,8
DA:24,8
DA:25,24
DA:26,5
DA:27,5
DA:28,24
DA:29,3
DA:30,3
DA:31,24
DA:32,4
DA:33,4
DA:34,4
DA:35,4
DA:36,1
DA:37,1
DA:38,1
DA:39,1
DA:40,1
DA:41,1
LF:41
LH:41
BRDA:1,0,0,1
BRDA:1,1,0,24
BRDA:1,2,0,33
BRDA:3,3,0,25
BRDA:4,4,0,8
BRDA:5,5,0,1
BRDA:5,6,0,7
BRDA:8,7,0,9
BRDA:16,8,0,2
BRDA:19,9,0,6
BRDA:19,10,0,24
BRDA:22,11,0,8
BRDA:25,12,0,16
BRDA:25,13,0,5
BRDA:28,14,0,11
BRDA:28,15,0,3
BRDA:31,16,0,8
BRDA:31,17,0,4
BRF:18
BRH:18
end_of_record
