TN:
SF:src/index.js
FN:1,genDiff
FNF:1
FNH:1
FNDA:1,genDiff
DA:1,1
DA:2,1
DA:3,1
DA:4,1
DA:5,1
DA:6,1
DA:7,1
DA:8,1
DA:9,1
DA:10,1
DA:11,1
DA:12,5
DA:13,5
DA:14,1
DA:15,4
DA:16,3
DA:17,3
DA:18,3
DA:19,2
DA:20,1
DA:21,1
DA:22,1
DA:23,1
DA:24,1
DA:25,1
DA:26,1
DA:27,1
LF:27
LH:27
BRDA:1,0,0,1
BRDA:1,1,0,1
BRDA:11,2,0,5
BRDA:12,3,0,4
BRDA:12,4,0,2
BRDA:13,5,0,1
BRDA:13,6,0,4
BRDA:14,7,0,1
BRDA:15,8,0,3
BRDA:16,9,0,1
BRDA:17,10,0,1
BRDA:18,11,0,2
BRF:12
BRH:12
end_of_record
TN:
SF:src/reader.js
FN:1,readJSON
FNF:1
FNH:1
FNDA:2,readJSON
DA:1,2
DA:2,2
DA:3,2
DA:4,2
DA:5,1
DA:6,1
DA:7,1
DA:8,1
DA:9,1
LF:9
LH:9
BRDA:1,0,0,1
BRDA:1,1,0,2
BRF:2
BRH:2
end_of_record
